2024-07-04 00:00:02.667  INFO 8300 --- [Thread-3] o.s.s.concurrent.ThreadPoolTaskExecutor  : Shutting down ExecutorService 'applicationTaskExecutor'
2024-07-04 00:00:02.673  INFO 8300 --- [Thread-3] com.zaxxer.hikari.HikariDataSource       : HikariPool-1 - Shutdown initiated...
2024-07-04 00:00:02.682  INFO 8300 --- [Thread-3] com.zaxxer.hikari.HikariDataSource       : HikariPool-1 - Shutdown completed.
2024-07-04 00:00:13.253  INFO 26124 --- [main] com.example.Application                  : Starting Application on renzhiyu with PID 26124 (E:\bs_xsxk\target\classes started by 15532988465 in E:\bs_xsxk)
2024-07-04 00:00:13.265  INFO 26124 --- [main] com.example.Application                  : No active profile set, falling back to default profiles: default
2024-07-04 00:00:15.382  WARN 26124 --- [main] o.m.s.mapper.ClassPathMapperScanner      : No MyBatis mapper was found in '[com.example]' package. Please check your configuration.
2024-07-04 00:00:20.519  INFO 26124 --- [main] o.s.b.w.embedded.tomcat.TomcatWebServer  : Tomcat initialized with port(s): 8888 (http)
2024-07-04 00:00:20.588  INFO 26124 --- [main] o.apache.catalina.core.StandardService   : Starting service [Tomcat]
2024-07-04 00:00:20.588  INFO 26124 --- [main] org.apache.catalina.core.StandardEngine  : Starting Servlet Engine: Apache Tomcat/9.0.12
2024-07-04 00:00:20.621  INFO 26124 --- [main] o.a.catalina.core.AprLifecycleListener   : The APR based Apache Tomcat Native library which allows optimal performance in production environments was not found on the java.library.path: [C:\Program Files\Java\jdk1.8.0_341\bin;C:\WINDOWS\Sun\Java\bin;C:\WINDOWS\system32;C:\WINDOWS;C:\Program Files\NVIDIA GPU Computing Toolkit\CUDA\v10.2\bin;C:\Program Files\NVIDIA GPU Computing Toolkit\CUDA\v10.2\libnvvp;E:\pycharm\PyCharm 2021.1.3\Python39;C:\Program Files\Java\jdk-11\bin;E:\pycharm\PyCharm 2021.1.3\Python39\Scripts;E:\pycharm\PyCharm 2021.1.3;C:\Program Files\Common Files\Oracle\Java\javapath;C:\Program Files (x86)\Common Files\Oracle\Java\javapath;E:\VMware\bin\;C:\Program Files (x86)\Tencent\QQ\Bin;C:\Windows\system32;C:\Windows;C:\Windows\System32\Wbem;C:\Windows\System32\WindowsPowerShell\v1.0\;C:\Windows\System32\OpenSSH\;C:\Program Files (x86)\NVIDIA Corporation\PhysX\Common;C:\Program Files\NVIDIA Corporation\NVIDIA NvDLISR;C:\WINDOWS\system32;C:\WINDOWS;C:\WINDOWS\System32\Wbem;C:\WINDOWS\System32\WindowsPowerShell\v1.0\;C:\WINDOWS\System32\OpenSSH\;C:\VScode\Microsoft VS Code Insiders\bin;C:\Program Files\NVIDIA Corporation\Nsight Compute 2019.5.0\;C:\Program Files (x86)\NetSarang\Xshell 7\;C:\Program Files\Git\cmd;C:\Program Files\Vagrant\bin;C:\Program Files\Docker\Docker\resources\bin;%E:\apache-maven-3.9.6\bin%;E:\MySQL\MySQL Server 8.0\bin;F:\Program Files\MySQL\MySQL Server 8.0\bin;E:\Program Files\nodejs\;C:\Program Files\Java\jdk1.8.0_341\bin;F:\Program Files\MySQL\MySQL Shell 8.0\bin\;F:\Anaconda3;F:\Anaconda3\Library\mingw-w64\bin;F:\Anaconda3\Library\usr\bin;F:\Anaconda3\Library\bin;F:\Anaconda3\Scripts;C:\Users\15532988465\AppData\Local\Microsoft\WindowsApps;C:\Program Files\JetBrains\CLion 2021.1.3\bin;C:\Program Files\JetBrains\PyCharm 2021.1.3\bin;C:\Program Files\Python39\Scripts;c:\users\15532988465\appdata\roaming\python\python39\scripts\django-admin.exe;E:\clion2\CLion 2022.3.1\bin;;E:\pycharm\PyCharm 2021.1.3\Python39;F:\vscode\Microsoft VS Code\bin;E:\apache-maven-3.9.6\bin;C:\Users\15532988465\AppData\Roaming\npm;.]
2024-07-04 00:00:21.214  INFO 26124 --- [main] o.a.c.c.C.[Tomcat].[localhost].[/]       : Initializing Spring embedded WebApplicationContext
2024-07-04 00:00:21.215  INFO 26124 --- [main] o.s.web.context.ContextLoader            : Root WebApplicationContext: initialization completed in 7766 ms
2024-07-04 00:00:21.307  INFO 26124 --- [main] o.s.b.w.servlet.ServletRegistrationBean  : Servlet dispatcherServlet mapped to [/]
2024-07-04 00:00:21.320  INFO 26124 --- [main] o.s.b.w.servlet.FilterRegistrationBean   : Mapping filter: 'characterEncodingFilter' to: [/*]
2024-07-04 00:00:21.321  INFO 26124 --- [main] o.s.b.w.servlet.FilterRegistrationBean   : Mapping filter: 'hiddenHttpMethodFilter' to: [/*]
2024-07-04 00:00:21.323  INFO 26124 --- [main] o.s.b.w.servlet.FilterRegistrationBean   : Mapping filter: 'formContentFilter' to: [/*]
2024-07-04 00:00:21.324  INFO 26124 --- [main] o.s.b.w.servlet.FilterRegistrationBean   : Mapping filter: 'requestContextFilter' to: [/*]
2024-07-04 00:00:24.157  INFO 26124 --- [main] o.s.s.concurrent.ThreadPoolTaskExecutor  : Initializing ExecutorService 'applicationTaskExecutor'
2024-07-04 00:00:26.349  INFO 26124 --- [main] o.s.b.w.embedded.tomcat.TomcatWebServer  : Tomcat started on port(s): 8888 (http) with context path ''
2024-07-04 00:00:26.387  INFO 26124 --- [main] com.example.Application                  : Started Application in 15.89 seconds (JVM running for 18.651)
2024-07-04 00:00:26.405  INFO 26124 --- [main] com.example.common.config.OpenBrowser    : 项目启动成功……
2024-07-04 00:00:27.878  INFO 26124 --- [http-nio-8888-exec-3] o.a.c.c.C.[Tomcat].[localhost].[/]       : Initializing Spring DispatcherServlet 'dispatcherServlet'
2024-07-04 00:00:27.878  INFO 26124 --- [http-nio-8888-exec-3] o.s.web.servlet.DispatcherServlet        : Initializing Servlet 'dispatcherServlet'
2024-07-04 00:00:27.903  INFO 26124 --- [http-nio-8888-exec-3] o.s.web.servlet.DispatcherServlet        : Completed initialization in 24 ms
2024-07-04 00:00:37.807  INFO 26124 --- [http-nio-8888-exec-1] com.zaxxer.hikari.HikariDataSource       : HikariPool-1 - Starting...
2024-07-04 00:00:38.022  INFO 26124 --- [http-nio-8888-exec-1] com.zaxxer.hikari.HikariDataSource       : HikariPool-1 - Start completed.
2024-07-04 00:01:41.138  INFO 26124 --- [Thread-3] o.s.s.concurrent.ThreadPoolTaskExecutor  : Shutting down ExecutorService 'applicationTaskExecutor'
2024-07-04 00:01:41.140  INFO 26124 --- [Thread-3] com.zaxxer.hikari.HikariDataSource       : HikariPool-1 - Shutdown initiated...
2024-07-04 00:01:41.148  INFO 26124 --- [Thread-3] com.zaxxer.hikari.HikariDataSource       : HikariPool-1 - Shutdown completed.
2024-07-04 09:02:22.081  INFO 29812 --- [main] com.example.Application                  : Starting Application on renzhiyu with PID 29812 (E:\bs_xsxk\target\classes started by 15532988465 in E:\bs_xsxk)
2024-07-04 09:02:22.093  INFO 29812 --- [main] com.example.Application                  : No active profile set, falling back to default profiles: default
2024-07-04 09:02:23.792  WARN 29812 --- [main] o.m.s.mapper.ClassPathMapperScanner      : No MyBatis mapper was found in '[com.example]' package. Please check your configuration.
2024-07-04 09:02:27.488  INFO 29812 --- [main] o.s.b.w.embedded.tomcat.TomcatWebServer  : Tomcat initialized with port(s): 8888 (http)
2024-07-04 09:02:27.533  INFO 29812 --- [main] o.apache.catalina.core.StandardService   : Starting service [Tomcat]
2024-07-04 09:02:27.533  INFO 29812 --- [main] org.apache.catalina.core.StandardEngine  : Starting Servlet Engine: Apache Tomcat/9.0.12
2024-07-04 09:02:27.551  INFO 29812 --- [main] o.a.catalina.core.AprLifecycleListener   : The APR based Apache Tomcat Native library which allows optimal performance in production environments was not found on the java.library.path: [C:\Program Files\Java\jdk1.8.0_341\bin;C:\WINDOWS\Sun\Java\bin;C:\WINDOWS\system32;C:\WINDOWS;C:\Program Files\NVIDIA GPU Computing Toolkit\CUDA\v10.2\bin;C:\Program Files\NVIDIA GPU Computing Toolkit\CUDA\v10.2\libnvvp;E:\pycharm\PyCharm 2021.1.3\Python39;C:\Program Files\Java\jdk-11\bin;E:\pycharm\PyCharm 2021.1.3\Python39\Scripts;E:\pycharm\PyCharm 2021.1.3;C:\Program Files\Common Files\Oracle\Java\javapath;C:\Program Files (x86)\Common Files\Oracle\Java\javapath;E:\VMware\bin\;C:\Program Files (x86)\Tencent\QQ\Bin;C:\Windows\system32;C:\Windows;C:\Windows\System32\Wbem;C:\Windows\System32\WindowsPowerShell\v1.0\;C:\Windows\System32\OpenSSH\;C:\Program Files (x86)\NVIDIA Corporation\PhysX\Common;C:\Program Files\NVIDIA Corporation\NVIDIA NvDLISR;C:\WINDOWS\system32;C:\WINDOWS;C:\WINDOWS\System32\Wbem;C:\WINDOWS\System32\WindowsPowerShell\v1.0\;C:\WINDOWS\System32\OpenSSH\;C:\VScode\Microsoft VS Code Insiders\bin;C:\Program Files\NVIDIA Corporation\Nsight Compute 2019.5.0\;C:\Program Files (x86)\NetSarang\Xshell 7\;C:\Program Files\Git\cmd;C:\Program Files\Vagrant\bin;C:\Program Files\Docker\Docker\resources\bin;%E:\apache-maven-3.9.6\bin%;E:\MySQL\MySQL Server 8.0\bin;F:\Program Files\MySQL\MySQL Server 8.0\bin;E:\Program Files\nodejs\;C:\Program Files\Java\jdk1.8.0_341\bin;F:\Program Files\MySQL\MySQL Shell 8.0\bin\;F:\Anaconda3;F:\Anaconda3\Library\mingw-w64\bin;F:\Anaconda3\Library\usr\bin;F:\Anaconda3\Library\bin;F:\Anaconda3\Scripts;C:\Users\15532988465\AppData\Local\Microsoft\WindowsApps;C:\Program Files\JetBrains\CLion 2021.1.3\bin;C:\Program Files\JetBrains\PyCharm 2021.1.3\bin;C:\Program Files\Python39\Scripts;c:\users\15532988465\appdata\roaming\python\python39\scripts\django-admin.exe;E:\clion2\CLion 2022.3.1\bin;;E:\pycharm\PyCharm 2021.1.3\Python39;F:\vscode\Microsoft VS Code\bin;E:\apache-maven-3.9.6\bin;C:\Users\15532988465\AppData\Roaming\npm;.]
2024-07-04 09:02:27.829  INFO 29812 --- [main] o.a.c.c.C.[Tomcat].[localhost].[/]       : Initializing Spring embedded WebApplicationContext
2024-07-04 09:02:27.830  INFO 29812 --- [main] o.s.web.context.ContextLoader            : Root WebApplicationContext: initialization completed in 5615 ms
2024-07-04 09:02:27.893  INFO 29812 --- [main] o.s.b.w.servlet.ServletRegistrationBean  : Servlet dispatcherServlet mapped to [/]
2024-07-04 09:02:27.904  INFO 29812 --- [main] o.s.b.w.servlet.FilterRegistrationBean   : Mapping filter: 'characterEncodingFilter' to: [/*]
2024-07-04 09:02:27.905  INFO 29812 --- [main] o.s.b.w.servlet.FilterRegistrationBean   : Mapping filter: 'hiddenHttpMethodFilter' to: [/*]
2024-07-04 09:02:27.906  INFO 29812 --- [main] o.s.b.w.servlet.FilterRegistrationBean   : Mapping filter: 'formContentFilter' to: [/*]
2024-07-04 09:02:27.906  INFO 29812 --- [main] o.s.b.w.servlet.FilterRegistrationBean   : Mapping filter: 'requestContextFilter' to: [/*]
2024-07-04 09:02:29.300  INFO 29812 --- [main] o.s.s.concurrent.ThreadPoolTaskExecutor  : Initializing ExecutorService 'applicationTaskExecutor'
2024-07-04 09:02:29.961  INFO 29812 --- [main] o.s.b.w.embedded.tomcat.TomcatWebServer  : Tomcat started on port(s): 8888 (http) with context path ''
2024-07-04 09:02:29.969  INFO 29812 --- [main] com.example.Application                  : Started Application in 8.952 seconds (JVM running for 10.271)
2024-07-04 09:02:29.973  INFO 29812 --- [main] com.example.common.config.OpenBrowser    : 项目启动成功……
2024-07-04 09:02:31.702  INFO 29812 --- [http-nio-8888-exec-1] o.a.c.c.C.[Tomcat].[localhost].[/]       : Initializing Spring DispatcherServlet 'dispatcherServlet'
2024-07-04 09:02:31.703  INFO 29812 --- [http-nio-8888-exec-1] o.s.web.servlet.DispatcherServlet        : Initializing Servlet 'dispatcherServlet'
2024-07-04 09:02:31.718  INFO 29812 --- [http-nio-8888-exec-1] o.s.web.servlet.DispatcherServlet        : Completed initialization in 15 ms
2024-07-04 09:03:15.313  INFO 29812 --- [http-nio-8888-exec-10] com.zaxxer.hikari.HikariDataSource       : HikariPool-1 - Starting...
2024-07-04 09:03:15.634  INFO 29812 --- [http-nio-8888-exec-10] com.zaxxer.hikari.HikariDataSource       : HikariPool-1 - Start completed.
2024-07-04 09:03:49.218  INFO 29812 --- [Thread-3] o.s.s.concurrent.ThreadPoolTaskExecutor  : Shutting down ExecutorService 'applicationTaskExecutor'
2024-07-04 09:03:49.219  INFO 29812 --- [Thread-3] com.zaxxer.hikari.HikariDataSource       : HikariPool-1 - Shutdown initiated...
2024-07-04 09:03:49.228  INFO 29812 --- [Thread-3] com.zaxxer.hikari.HikariDataSource       : HikariPool-1 - Shutdown completed.
2024-07-04 09:03:57.222  INFO 24124 --- [main] com.example.Application                  : Starting Application on renzhiyu with PID 24124 (E:\bs_xsxk\target\classes started by 15532988465 in E:\bs_xsxk)
2024-07-04 09:03:57.230  INFO 24124 --- [main] com.example.Application                  : No active profile set, falling back to default profiles: default
2024-07-04 09:03:58.710  WARN 24124 --- [main] o.m.s.mapper.ClassPathMapperScanner      : No MyBatis mapper was found in '[com.example]' package. Please check your configuration.
2024-07-04 09:04:00.937  INFO 24124 --- [main] o.s.b.w.embedded.tomcat.TomcatWebServer  : Tomcat initialized with port(s): 8888 (http)
2024-07-04 09:04:00.971  INFO 24124 --- [main] o.apache.catalina.core.StandardService   : Starting service [Tomcat]
2024-07-04 09:04:00.971  INFO 24124 --- [main] org.apache.catalina.core.StandardEngine  : Starting Servlet Engine: Apache Tomcat/9.0.12
2024-07-04 09:04:00.984  INFO 24124 --- [main] o.a.catalina.core.AprLifecycleListener   : The APR based Apache Tomcat Native library which allows optimal performance in production environments was not found on the java.library.path: [C:\Program Files\Java\jdk1.8.0_341\bin;C:\WINDOWS\Sun\Java\bin;C:\WINDOWS\system32;C:\WINDOWS;C:\Program Files\NVIDIA GPU Computing Toolkit\CUDA\v10.2\bin;C:\Program Files\NVIDIA GPU Computing Toolkit\CUDA\v10.2\libnvvp;E:\pycharm\PyCharm 2021.1.3\Python39;C:\Program Files\Java\jdk-11\bin;E:\pycharm\PyCharm 2021.1.3\Python39\Scripts;E:\pycharm\PyCharm 2021.1.3;C:\Program Files\Common Files\Oracle\Java\javapath;C:\Program Files (x86)\Common Files\Oracle\Java\javapath;E:\VMware\bin\;C:\Program Files (x86)\Tencent\QQ\Bin;C:\Windows\system32;C:\Windows;C:\Windows\System32\Wbem;C:\Windows\System32\WindowsPowerShell\v1.0\;C:\Windows\System32\OpenSSH\;C:\Program Files (x86)\NVIDIA Corporation\PhysX\Common;C:\Program Files\NVIDIA Corporation\NVIDIA NvDLISR;C:\WINDOWS\system32;C:\WINDOWS;C:\WINDOWS\System32\Wbem;C:\WINDOWS\System32\WindowsPowerShell\v1.0\;C:\WINDOWS\System32\OpenSSH\;C:\VScode\Microsoft VS Code Insiders\bin;C:\Program Files\NVIDIA Corporation\Nsight Compute 2019.5.0\;C:\Program Files (x86)\NetSarang\Xshell 7\;C:\Program Files\Git\cmd;C:\Program Files\Vagrant\bin;C:\Program Files\Docker\Docker\resources\bin;%E:\apache-maven-3.9.6\bin%;E:\MySQL\MySQL Server 8.0\bin;F:\Program Files\MySQL\MySQL Server 8.0\bin;E:\Program Files\nodejs\;C:\Program Files\Java\jdk1.8.0_341\bin;F:\Program Files\MySQL\MySQL Shell 8.0\bin\;F:\Anaconda3;F:\Anaconda3\Library\mingw-w64\bin;F:\Anaconda3\Library\usr\bin;F:\Anaconda3\Library\bin;F:\Anaconda3\Scripts;C:\Users\15532988465\AppData\Local\Microsoft\WindowsApps;C:\Program Files\JetBrains\CLion 2021.1.3\bin;C:\Program Files\JetBrains\PyCharm 2021.1.3\bin;C:\Program Files\Python39\Scripts;c:\users\15532988465\appdata\roaming\python\python39\scripts\django-admin.exe;E:\clion2\CLion 2022.3.1\bin;;E:\pycharm\PyCharm 2021.1.3\Python39;F:\vscode\Microsoft VS Code\bin;E:\apache-maven-3.9.6\bin;C:\Users\15532988465\AppData\Roaming\npm;.]
2024-07-04 09:04:01.243  INFO 24124 --- [main] o.a.c.c.C.[Tomcat].[localhost].[/]       : Initializing Spring embedded WebApplicationContext
2024-07-04 09:04:01.243  INFO 24124 --- [main] o.s.web.context.ContextLoader            : Root WebApplicationContext: initialization completed in 3904 ms
2024-07-04 09:04:01.296  INFO 24124 --- [main] o.s.b.w.servlet.ServletRegistrationBean  : Servlet dispatcherServlet mapped to [/]
2024-07-04 09:04:01.305  INFO 24124 --- [main] o.s.b.w.servlet.FilterRegistrationBean   : Mapping filter: 'characterEncodingFilter' to: [/*]
2024-07-04 09:04:01.306  INFO 24124 --- [main] o.s.b.w.servlet.FilterRegistrationBean   : Mapping filter: 'hiddenHttpMethodFilter' to: [/*]
2024-07-04 09:04:01.306  INFO 24124 --- [main] o.s.b.w.servlet.FilterRegistrationBean   : Mapping filter: 'formContentFilter' to: [/*]
2024-07-04 09:04:01.307  INFO 24124 --- [main] o.s.b.w.servlet.FilterRegistrationBean   : Mapping filter: 'requestContextFilter' to: [/*]
2024-07-04 09:04:02.590  INFO 24124 --- [main] o.s.s.concurrent.ThreadPoolTaskExecutor  : Initializing ExecutorService 'applicationTaskExecutor'
2024-07-04 09:04:03.685  INFO 24124 --- [main] o.s.b.w.embedded.tomcat.TomcatWebServer  : Tomcat started on port(s): 8888 (http) with context path ''
2024-07-04 09:04:03.693  INFO 24124 --- [main] com.example.Application                  : Started Application in 7.753 seconds (JVM running for 10.925)
2024-07-04 09:04:03.699  INFO 24124 --- [main] com.example.common.config.OpenBrowser    : 项目启动成功……
2024-07-04 09:04:14.668  INFO 24124 --- [http-nio-8888-exec-3] o.a.c.c.C.[Tomcat].[localhost].[/]       : Initializing Spring DispatcherServlet 'dispatcherServlet'
2024-07-04 09:04:14.668  INFO 24124 --- [http-nio-8888-exec-3] o.s.web.servlet.DispatcherServlet        : Initializing Servlet 'dispatcherServlet'
2024-07-04 09:04:14.678  INFO 24124 --- [http-nio-8888-exec-3] o.s.web.servlet.DispatcherServlet        : Completed initialization in 10 ms
2024-07-04 09:04:14.890  INFO 24124 --- [http-nio-8888-exec-3] com.zaxxer.hikari.HikariDataSource       : HikariPool-1 - Starting...
2024-07-04 09:04:15.098  INFO 24124 --- [http-nio-8888-exec-3] com.zaxxer.hikari.HikariDataSource       : HikariPool-1 - Start completed.
2024-07-04 09:05:14.533  INFO 24124 --- [Thread-3] o.s.s.concurrent.ThreadPoolTaskExecutor  : Shutting down ExecutorService 'applicationTaskExecutor'
2024-07-04 09:05:14.534  INFO 24124 --- [Thread-3] com.zaxxer.hikari.HikariDataSource       : HikariPool-1 - Shutdown initiated...
2024-07-04 09:05:14.546  INFO 24124 --- [Thread-3] com.zaxxer.hikari.HikariDataSource       : HikariPool-1 - Shutdown completed.
2024-07-04 09:05:35.109  INFO 6636 --- [main] com.example.Application                  : Starting Application on renzhiyu with PID 6636 (E:\bs_xsxk\target\classes started by 15532988465 in E:\bs_xsxk)
2024-07-04 09:05:35.120  INFO 6636 --- [main] com.example.Application                  : No active profile set, falling back to default profiles: default
2024-07-04 09:05:36.903  WARN 6636 --- [main] o.m.s.mapper.ClassPathMapperScanner      : No MyBatis mapper was found in '[com.example]' package. Please check your configuration.
2024-07-04 09:05:39.721  INFO 6636 --- [main] o.s.b.w.embedded.tomcat.TomcatWebServer  : Tomcat initialized with port(s): 8888 (http)
2024-07-04 09:05:39.755  INFO 6636 --- [main] o.apache.catalina.core.StandardService   : Starting service [Tomcat]
2024-07-04 09:05:39.756  INFO 6636 --- [main] org.apache.catalina.core.StandardEngine  : Starting Servlet Engine: Apache Tomcat/9.0.12
2024-07-04 09:05:39.770  INFO 6636 --- [main] o.a.catalina.core.AprLifecycleListener   : The APR based Apache Tomcat Native library which allows optimal performance in production environments was not found on the java.library.path: [C:\Program Files\Java\jdk1.8.0_341\bin;C:\WINDOWS\Sun\Java\bin;C:\WINDOWS\system32;C:\WINDOWS;C:\Program Files\NVIDIA GPU Computing Toolkit\CUDA\v10.2\bin;C:\Program Files\NVIDIA GPU Computing Toolkit\CUDA\v10.2\libnvvp;E:\pycharm\PyCharm 2021.1.3\Python39;C:\Program Files\Java\jdk-11\bin;E:\pycharm\PyCharm 2021.1.3\Python39\Scripts;E:\pycharm\PyCharm 2021.1.3;C:\Program Files\Common Files\Oracle\Java\javapath;C:\Program Files (x86)\Common Files\Oracle\Java\javapath;E:\VMware\bin\;C:\Program Files (x86)\Tencent\QQ\Bin;C:\Windows\system32;C:\Windows;C:\Windows\System32\Wbem;C:\Windows\System32\WindowsPowerShell\v1.0\;C:\Windows\System32\OpenSSH\;C:\Program Files (x86)\NVIDIA Corporation\PhysX\Common;C:\Program Files\NVIDIA Corporation\NVIDIA NvDLISR;C:\WINDOWS\system32;C:\WINDOWS;C:\WINDOWS\System32\Wbem;C:\WINDOWS\System32\WindowsPowerShell\v1.0\;C:\WINDOWS\System32\OpenSSH\;C:\VScode\Microsoft VS Code Insiders\bin;C:\Program Files\NVIDIA Corporation\Nsight Compute 2019.5.0\;C:\Program Files (x86)\NetSarang\Xshell 7\;C:\Program Files\Git\cmd;C:\Program Files\Vagrant\bin;C:\Program Files\Docker\Docker\resources\bin;%E:\apache-maven-3.9.6\bin%;E:\MySQL\MySQL Server 8.0\bin;F:\Program Files\MySQL\MySQL Server 8.0\bin;E:\Program Files\nodejs\;C:\Program Files\Java\jdk1.8.0_341\bin;F:\Program Files\MySQL\MySQL Shell 8.0\bin\;F:\Anaconda3;F:\Anaconda3\Library\mingw-w64\bin;F:\Anaconda3\Library\usr\bin;F:\Anaconda3\Library\bin;F:\Anaconda3\Scripts;C:\Users\15532988465\AppData\Local\Microsoft\WindowsApps;C:\Program Files\JetBrains\CLion 2021.1.3\bin;C:\Program Files\JetBrains\PyCharm 2021.1.3\bin;C:\Program Files\Python39\Scripts;c:\users\15532988465\appdata\roaming\python\python39\scripts\django-admin.exe;E:\clion2\CLion 2022.3.1\bin;;E:\pycharm\PyCharm 2021.1.3\Python39;F:\vscode\Microsoft VS Code\bin;E:\apache-maven-3.9.6\bin;C:\Users\15532988465\AppData\Roaming\npm;.]
2024-07-04 09:05:39.995  INFO 6636 --- [main] o.a.c.c.C.[Tomcat].[localhost].[/]       : Initializing Spring embedded WebApplicationContext
2024-07-04 09:05:39.996  INFO 6636 --- [main] o.s.web.context.ContextLoader            : Root WebApplicationContext: initialization completed in 4737 ms
2024-07-04 09:05:40.067  INFO 6636 --- [main] o.s.b.w.servlet.ServletRegistrationBean  : Servlet dispatcherServlet mapped to [/]
2024-07-04 09:05:40.074  INFO 6636 --- [main] o.s.b.w.servlet.FilterRegistrationBean   : Mapping filter: 'characterEncodingFilter' to: [/*]
2024-07-04 09:05:40.075  INFO 6636 --- [main] o.s.b.w.servlet.FilterRegistrationBean   : Mapping filter: 'hiddenHttpMethodFilter' to: [/*]
2024-07-04 09:05:40.076  INFO 6636 --- [main] o.s.b.w.servlet.FilterRegistrationBean   : Mapping filter: 'formContentFilter' to: [/*]
2024-07-04 09:05:40.077  INFO 6636 --- [main] o.s.b.w.servlet.FilterRegistrationBean   : Mapping filter: 'requestContextFilter' to: [/*]
2024-07-04 09:05:41.030  INFO 6636 --- [main] o.s.s.concurrent.ThreadPoolTaskExecutor  : Initializing ExecutorService 'applicationTaskExecutor'
2024-07-04 09:05:41.638  INFO 6636 --- [main] o.s.b.w.embedded.tomcat.TomcatWebServer  : Tomcat started on port(s): 8888 (http) with context path ''
2024-07-04 09:05:41.644  INFO 6636 --- [main] com.example.Application                  : Started Application in 7.96 seconds (JVM running for 9.475)
2024-07-04 09:05:41.648  INFO 6636 --- [main] com.example.common.config.OpenBrowser    : 项目启动成功……
2024-07-04 09:06:01.123  INFO 6636 --- [http-nio-8888-exec-3] o.a.c.c.C.[Tomcat].[localhost].[/]       : Initializing Spring DispatcherServlet 'dispatcherServlet'
2024-07-04 09:06:01.124  INFO 6636 --- [http-nio-8888-exec-3] o.s.web.servlet.DispatcherServlet        : Initializing Servlet 'dispatcherServlet'
2024-07-04 09:06:01.134  INFO 6636 --- [http-nio-8888-exec-3] o.s.web.servlet.DispatcherServlet        : Completed initialization in 10 ms
2024-07-04 09:06:01.333  INFO 6636 --- [http-nio-8888-exec-3] com.zaxxer.hikari.HikariDataSource       : HikariPool-1 - Starting...
2024-07-04 09:06:01.522  INFO 6636 --- [http-nio-8888-exec-3] com.zaxxer.hikari.HikariDataSource       : HikariPool-1 - Start completed.
2024-07-04 09:07:01.157  INFO 6636 --- [Thread-3] o.s.s.concurrent.ThreadPoolTaskExecutor  : Shutting down ExecutorService 'applicationTaskExecutor'
2024-07-04 09:07:01.159  INFO 6636 --- [Thread-3] com.zaxxer.hikari.HikariDataSource       : HikariPool-1 - Shutdown initiated...
2024-07-04 09:07:01.167  INFO 6636 --- [Thread-3] com.zaxxer.hikari.HikariDataSource       : HikariPool-1 - Shutdown completed.
2024-07-04 10:09:06.005  INFO 25260 --- [main] com.example.Application                  : Starting Application on renzhiyu with PID 25260 (E:\bs_xsxk\target\classes started by 15532988465 in E:\bs_xsxk)
2024-07-04 10:09:06.009  INFO 25260 --- [main] com.example.Application                  : No active profile set, falling back to default profiles: default
2024-07-04 10:09:07.238  WARN 25260 --- [main] o.m.s.mapper.ClassPathMapperScanner      : No MyBatis mapper was found in '[com.example]' package. Please check your configuration.
2024-07-04 10:09:09.768  INFO 25260 --- [main] o.s.b.w.embedded.tomcat.TomcatWebServer  : Tomcat initialized with port(s): 8888 (http)
2024-07-04 10:09:09.794  INFO 25260 --- [main] o.apache.catalina.core.StandardService   : Starting service [Tomcat]
2024-07-04 10:09:09.795  INFO 25260 --- [main] org.apache.catalina.core.StandardEngine  : Starting Servlet Engine: Apache Tomcat/9.0.12
2024-07-04 10:09:09.806  INFO 25260 --- [main] o.a.catalina.core.AprLifecycleListener   : The APR based Apache Tomcat Native library which allows optimal performance in production environments was not found on the java.library.path: [C:\Program Files\Java\jdk1.8.0_341\bin;C:\WINDOWS\Sun\Java\bin;C:\WINDOWS\system32;C:\WINDOWS;C:\Program Files\NVIDIA GPU Computing Toolkit\CUDA\v10.2\bin;C:\Program Files\NVIDIA GPU Computing Toolkit\CUDA\v10.2\libnvvp;E:\pycharm\PyCharm 2021.1.3\Python39;C:\Program Files\Java\jdk-11\bin;E:\pycharm\PyCharm 2021.1.3\Python39\Scripts;E:\pycharm\PyCharm 2021.1.3;C:\Program Files\Common Files\Oracle\Java\javapath;C:\Program Files (x86)\Common Files\Oracle\Java\javapath;E:\VMware\bin\;C:\Program Files (x86)\Tencent\QQ\Bin;C:\Windows\system32;C:\Windows;C:\Windows\System32\Wbem;C:\Windows\System32\WindowsPowerShell\v1.0\;C:\Windows\System32\OpenSSH\;C:\Program Files (x86)\NVIDIA Corporation\PhysX\Common;C:\Program Files\NVIDIA Corporation\NVIDIA NvDLISR;C:\WINDOWS\system32;C:\WINDOWS;C:\WINDOWS\System32\Wbem;C:\WINDOWS\System32\WindowsPowerShell\v1.0\;C:\WINDOWS\System32\OpenSSH\;C:\VScode\Microsoft VS Code Insiders\bin;C:\Program Files\NVIDIA Corporation\Nsight Compute 2019.5.0\;C:\Program Files (x86)\NetSarang\Xshell 7\;C:\Program Files\Git\cmd;C:\Program Files\Vagrant\bin;C:\Program Files\Docker\Docker\resources\bin;%E:\apache-maven-3.9.6\bin%;E:\MySQL\MySQL Server 8.0\bin;F:\Program Files\MySQL\MySQL Server 8.0\bin;E:\Program Files\nodejs\;C:\Program Files\Java\jdk1.8.0_341\bin;F:\Program Files\MySQL\MySQL Shell 8.0\bin\;F:\Anaconda3;F:\Anaconda3\Library\mingw-w64\bin;F:\Anaconda3\Library\usr\bin;F:\Anaconda3\Library\bin;F:\Anaconda3\Scripts;C:\Users\15532988465\AppData\Local\Microsoft\WindowsApps;C:\Program Files\JetBrains\CLion 2021.1.3\bin;C:\Program Files\JetBrains\PyCharm 2021.1.3\bin;C:\Program Files\Python39\Scripts;c:\users\15532988465\appdata\roaming\python\python39\scripts\django-admin.exe;E:\clion2\CLion 2022.3.1\bin;;E:\pycharm\PyCharm 2021.1.3\Python39;F:\vscode\Microsoft VS Code\bin;E:\apache-maven-3.9.6\bin;C:\Users\15532988465\AppData\Roaming\npm;.]
2024-07-04 10:09:10.013  INFO 25260 --- [main] o.a.c.c.C.[Tomcat].[localhost].[/]       : Initializing Spring embedded WebApplicationContext
2024-07-04 10:09:10.013  INFO 25260 --- [main] o.s.web.context.ContextLoader            : Root WebApplicationContext: initialization completed in 3941 ms
2024-07-04 10:09:10.048  INFO 25260 --- [main] o.s.b.w.servlet.ServletRegistrationBean  : Servlet dispatcherServlet mapped to [/]
2024-07-04 10:09:10.053  INFO 25260 --- [main] o.s.b.w.servlet.FilterRegistrationBean   : Mapping filter: 'characterEncodingFilter' to: [/*]
2024-07-04 10:09:10.053  INFO 25260 --- [main] o.s.b.w.servlet.FilterRegistrationBean   : Mapping filter: 'hiddenHttpMethodFilter' to: [/*]
2024-07-04 10:09:10.053  INFO 25260 --- [main] o.s.b.w.servlet.FilterRegistrationBean   : Mapping filter: 'formContentFilter' to: [/*]
2024-07-04 10:09:10.054  INFO 25260 --- [main] o.s.b.w.servlet.FilterRegistrationBean   : Mapping filter: 'requestContextFilter' to: [/*]
2024-07-04 10:09:11.016  INFO 25260 --- [main] o.s.s.concurrent.ThreadPoolTaskExecutor  : Initializing ExecutorService 'applicationTaskExecutor'
2024-07-04 10:09:11.581  INFO 25260 --- [main] o.s.b.w.embedded.tomcat.TomcatWebServer  : Tomcat started on port(s): 8888 (http) with context path ''
2024-07-04 10:09:11.585  INFO 25260 --- [main] com.example.Application                  : Started Application in 6.203 seconds (JVM running for 6.982)
2024-07-04 10:09:11.589  INFO 25260 --- [main] com.example.common.config.OpenBrowser    : 项目启动成功……
2024-07-04 10:09:42.728  INFO 25260 --- [http-nio-8888-exec-3] o.a.c.c.C.[Tomcat].[localhost].[/]       : Initializing Spring DispatcherServlet 'dispatcherServlet'
2024-07-04 10:09:42.728  INFO 25260 --- [http-nio-8888-exec-3] o.s.web.servlet.DispatcherServlet        : Initializing Servlet 'dispatcherServlet'
2024-07-04 10:09:42.737  INFO 25260 --- [http-nio-8888-exec-3] o.s.web.servlet.DispatcherServlet        : Completed initialization in 9 ms
2024-07-04 10:09:42.916  INFO 25260 --- [http-nio-8888-exec-3] com.zaxxer.hikari.HikariDataSource       : HikariPool-1 - Starting...
2024-07-04 10:09:43.116  INFO 25260 --- [http-nio-8888-exec-3] com.zaxxer.hikari.HikariDataSource       : HikariPool-1 - Start completed.
2024-07-04 10:10:07.669  INFO 25260 --- [Thread-3] o.s.s.concurrent.ThreadPoolTaskExecutor  : Shutting down ExecutorService 'applicationTaskExecutor'
2024-07-04 10:10:07.671  INFO 25260 --- [Thread-3] com.zaxxer.hikari.HikariDataSource       : HikariPool-1 - Shutdown initiated...
2024-07-04 10:10:07.684  INFO 25260 --- [Thread-3] com.zaxxer.hikari.HikariDataSource       : HikariPool-1 - Shutdown completed.
2024-07-04 10:23:31.994  INFO 22296 --- [main] com.example.Application                  : Starting Application on renzhiyu with PID 22296 (E:\bs_xsxk\target\classes started by 15532988465 in E:\bs_xsxk)
2024-07-04 10:23:32.000  INFO 22296 --- [main] com.example.Application                  : No active profile set, falling back to default profiles: default
2024-07-04 10:23:33.336  WARN 22296 --- [main] o.m.s.mapper.ClassPathMapperScanner      : No MyBatis mapper was found in '[com.example]' package. Please check your configuration.
2024-07-04 10:23:37.350  INFO 22296 --- [main] o.s.b.w.embedded.tomcat.TomcatWebServer  : Tomcat initialized with port(s): 8888 (http)
2024-07-04 10:23:37.382  INFO 22296 --- [main] o.apache.catalina.core.StandardService   : Starting service [Tomcat]
2024-07-04 10:23:37.383  INFO 22296 --- [main] org.apache.catalina.core.StandardEngine  : Starting Servlet Engine: Apache Tomcat/9.0.12
2024-07-04 10:23:37.397  INFO 22296 --- [main] o.a.catalina.core.AprLifecycleListener   : The APR based Apache Tomcat Native library which allows optimal performance in production environments was not found on the java.library.path: [C:\Program Files\Java\jdk1.8.0_341\bin;C:\WINDOWS\Sun\Java\bin;C:\WINDOWS\system32;C:\WINDOWS;C:\Program Files\NVIDIA GPU Computing Toolkit\CUDA\v10.2\bin;C:\Program Files\NVIDIA GPU Computing Toolkit\CUDA\v10.2\libnvvp;E:\pycharm\PyCharm 2021.1.3\Python39;C:\Program Files\Java\jdk-11\bin;E:\pycharm\PyCharm 2021.1.3\Python39\Scripts;E:\pycharm\PyCharm 2021.1.3;C:\Program Files\Common Files\Oracle\Java\javapath;C:\Program Files (x86)\Common Files\Oracle\Java\javapath;E:\VMware\bin\;C:\Program Files (x86)\Tencent\QQ\Bin;C:\Windows\system32;C:\Windows;C:\Windows\System32\Wbem;C:\Windows\System32\WindowsPowerShell\v1.0\;C:\Windows\System32\OpenSSH\;C:\Program Files (x86)\NVIDIA Corporation\PhysX\Common;C:\Program Files\NVIDIA Corporation\NVIDIA NvDLISR;C:\WINDOWS\system32;C:\WINDOWS;C:\WINDOWS\System32\Wbem;C:\WINDOWS\System32\WindowsPowerShell\v1.0\;C:\WINDOWS\System32\OpenSSH\;C:\VScode\Microsoft VS Code Insiders\bin;C:\Program Files\NVIDIA Corporation\Nsight Compute 2019.5.0\;C:\Program Files (x86)\NetSarang\Xshell 7\;C:\Program Files\Git\cmd;C:\Program Files\Vagrant\bin;C:\Program Files\Docker\Docker\resources\bin;%E:\apache-maven-3.9.6\bin%;E:\MySQL\MySQL Server 8.0\bin;F:\Program Files\MySQL\MySQL Server 8.0\bin;E:\Program Files\nodejs\;C:\Program Files\Java\jdk1.8.0_341\bin;F:\Program Files\MySQL\MySQL Shell 8.0\bin\;F:\Anaconda3;F:\Anaconda3\Library\mingw-w64\bin;F:\Anaconda3\Library\usr\bin;F:\Anaconda3\Library\bin;F:\Anaconda3\Scripts;C:\Users\15532988465\AppData\Local\Microsoft\WindowsApps;C:\Program Files\JetBrains\CLion 2021.1.3\bin;C:\Program Files\JetBrains\PyCharm 2021.1.3\bin;C:\Program Files\Python39\Scripts;c:\users\15532988465\appdata\roaming\python\python39\scripts\django-admin.exe;E:\clion2\CLion 2022.3.1\bin;;E:\pycharm\PyCharm 2021.1.3\Python39;F:\vscode\Microsoft VS Code\bin;E:\apache-maven-3.9.6\bin;C:\Users\15532988465\AppData\Roaming\npm;.]
2024-07-04 10:23:37.598  INFO 22296 --- [main] o.a.c.c.C.[Tomcat].[localhost].[/]       : Initializing Spring embedded WebApplicationContext
2024-07-04 10:23:37.598  INFO 22296 --- [main] o.s.web.context.ContextLoader            : Root WebApplicationContext: initialization completed in 5507 ms
2024-07-04 10:23:37.649  INFO 22296 --- [main] o.s.b.w.servlet.ServletRegistrationBean  : Servlet dispatcherServlet mapped to [/]
2024-07-04 10:23:37.655  INFO 22296 --- [main] o.s.b.w.servlet.FilterRegistrationBean   : Mapping filter: 'characterEncodingFilter' to: [/*]
2024-07-04 10:23:37.656  INFO 22296 --- [main] o.s.b.w.servlet.FilterRegistrationBean   : Mapping filter: 'hiddenHttpMethodFilter' to: [/*]
2024-07-04 10:23:37.656  INFO 22296 --- [main] o.s.b.w.servlet.FilterRegistrationBean   : Mapping filter: 'formContentFilter' to: [/*]
2024-07-04 10:23:37.656  INFO 22296 --- [main] o.s.b.w.servlet.FilterRegistrationBean   : Mapping filter: 'requestContextFilter' to: [/*]
2024-07-04 10:23:38.660  INFO 22296 --- [main] o.s.s.concurrent.ThreadPoolTaskExecutor  : Initializing ExecutorService 'applicationTaskExecutor'
2024-07-04 10:23:39.231  INFO 22296 --- [main] o.s.b.w.embedded.tomcat.TomcatWebServer  : Tomcat started on port(s): 8888 (http) with context path ''
2024-07-04 10:23:39.236  INFO 22296 --- [main] com.example.Application                  : Started Application in 8.013 seconds (JVM running for 9.198)
2024-07-04 10:23:39.243  INFO 22296 --- [main] com.example.common.config.OpenBrowser    : 项目启动成功……
2024-07-04 10:23:40.770  INFO 22296 --- [http-nio-8888-exec-1] o.a.c.c.C.[Tomcat].[localhost].[/]       : Initializing Spring DispatcherServlet 'dispatcherServlet'
2024-07-04 10:23:40.770  INFO 22296 --- [http-nio-8888-exec-1] o.s.web.servlet.DispatcherServlet        : Initializing Servlet 'dispatcherServlet'
2024-07-04 10:23:40.789  INFO 22296 --- [http-nio-8888-exec-1] o.s.web.servlet.DispatcherServlet        : Completed initialization in 18 ms
2024-07-04 10:23:44.937  INFO 22296 --- [http-nio-8888-exec-2] com.zaxxer.hikari.HikariDataSource       : HikariPool-1 - Starting...
2024-07-04 10:23:45.100  INFO 22296 --- [http-nio-8888-exec-2] com.zaxxer.hikari.HikariDataSource       : HikariPool-1 - Start completed.
2024-07-04 10:24:08.983  INFO 22296 --- [Thread-3] o.s.s.concurrent.ThreadPoolTaskExecutor  : Shutting down ExecutorService 'applicationTaskExecutor'
2024-07-04 10:24:08.984  INFO 22296 --- [Thread-3] com.zaxxer.hikari.HikariDataSource       : HikariPool-1 - Shutdown initiated...
2024-07-04 10:24:08.992  INFO 22296 --- [Thread-3] com.zaxxer.hikari.HikariDataSource       : HikariPool-1 - Shutdown completed.
